d:\doc\tanks_sol\tanks_proj\x64\release\vc142.pdb
d:\doc\tanks_sol\tanks_proj\x64\release\projectile.obj
d:\doc\tanks_sol\tanks_proj\x64\release\playertank.obj
d:\doc\tanks_sol\tanks_proj\x64\release\parentclass.obj
d:\doc\tanks_sol\tanks_proj\x64\release\map.obj
d:\doc\tanks_sol\tanks_proj\x64\release\game.obj
d:\doc\tanks_sol\tanks_proj\x64\release\enemyspawner.obj
d:\doc\tanks_sol\tanks_proj\x64\release\gamerules.obj
d:\doc\tanks_sol\tanks_proj\x64\release\tanks.obj
d:\doc\tanks_sol\tanks_proj\x64\release\enemytank.obj
d:\doc\tanks_sol\tanks_proj\x64\release\enemycontroller.obj
d:\doc\tanks_sol\tanks_proj\x64\release\projectilecontroller.obj
d:\doc\tanks_sol\tanks_proj\x64\release\unbreakablewall.obj
d:\doc\tanks_sol\tanks_proj\x64\release\gameinstance.obj
d:\doc\tanks_sol\tanks_proj\x64\release\breakablewall.obj
d:\doc\tanks_sol\tanks_proj\x64\release\wall.obj
d:\doc\tanks_sol\x64\release\tanks_proj.exe
d:\doc\tanks_sol\x64\release\tanks_proj.pdb
d:\doc\tanks_sol\x64\release\tanks_proj.ipdb
d:\doc\tanks_sol\x64\release\tanks_proj.iobj
d:\doc\tanks_sol\tanks_proj\x64\release\tanks_proj.tlog\cl.command.1.tlog
d:\doc\tanks_sol\tanks_proj\x64\release\tanks_proj.tlog\cl.read.1.tlog
d:\doc\tanks_sol\tanks_proj\x64\release\tanks_proj.tlog\cl.write.1.tlog
d:\doc\tanks_sol\tanks_proj\x64\release\tanks_proj.tlog\link.command.1.tlog
d:\doc\tanks_sol\tanks_proj\x64\release\tanks_proj.tlog\link.read.1.tlog
d:\doc\tanks_sol\tanks_proj\x64\release\tanks_proj.tlog\link.write.1.tlog
d:\doc\tanks_sol\tanks_proj\x64\release\tanks_proj.tlog\tanks_proj.write.1u.tlog
